Determining if the function crc32c_value exists in the crc32c failed with the following output:
Change Dir: /cygdrive/d/College/USC/Fall 2020/CSCI 550 - Advanced Data Stores/Project/power-of-d/cmake-build-debug/CMakeFiles/CMakeTmp

Run Build Command(s):/usr/bin/make.exe cmTC_ab7f7/fast 
/usr/bin/make -f CMakeFiles/cmTC_ab7f7.dir/build.make CMakeFiles/cmTC_ab7f7.dir/build
make[1]: Entering directory '/cygdrive/d/College/USC/Fall 2020/CSCI 550 - Advanced Data Stores/Project/power-of-d/cmake-build-debug/CMakeFiles/CMakeTmp'
Building C object CMakeFiles/cmTC_ab7f7.dir/CheckFunctionExists.c.o
/usr/bin/cc   -DCHECK_FUNCTION_EXISTS=crc32c_value   -o CMakeFiles/cmTC_ab7f7.dir/CheckFunctionExists.c.o   -c /cygdrive/c/Users/sarthak/.CLion2019.2/system/cygwin_cmake/share/cmake-3.14.5/Modules/CheckFunctionExists.c
Linking C executable cmTC_ab7f7.exe
/cygdrive/c/Users/sarthak/.CLion2019.2/system/cygwin_cmake/bin/cmake.exe -E cmake_link_script CMakeFiles/cmTC_ab7f7.dir/link.txt --verbose=1
/usr/bin/cc  -DCHECK_FUNCTION_EXISTS=crc32c_value  -Wl,--enable-auto-import  CMakeFiles/cmTC_ab7f7.dir/CheckFunctionExists.c.o  -o cmTC_ab7f7.exe -Wl,--out-implib,libcmTC_ab7f7.dll.a -Wl,--major-image-version,0,--minor-image-version,0 -lcrc32c 
/usr/lib/gcc/x86_64-pc-cygwin/7.4.0/../../../../x86_64-pc-cygwin/bin/ld: cannot find -lcrc32c
collect2: error: ld returned 1 exit status
make[1]: *** [CMakeFiles/cmTC_ab7f7.dir/build.make:87: cmTC_ab7f7.exe] Error 1
make[1]: Leaving directory '/cygdrive/d/College/USC/Fall 2020/CSCI 550 - Advanced Data Stores/Project/power-of-d/cmake-build-debug/CMakeFiles/CMakeTmp'
make: *** [Makefile:121: cmTC_ab7f7/fast] Error 2


Determining if the function snappy_compress exists in the snappy failed with the following output:
Change Dir: /cygdrive/d/College/USC/Fall 2020/CSCI 550 - Advanced Data Stores/Project/power-of-d/cmake-build-debug/CMakeFiles/CMakeTmp

Run Build Command(s):/usr/bin/make.exe cmTC_24dcf/fast 
/usr/bin/make -f CMakeFiles/cmTC_24dcf.dir/build.make CMakeFiles/cmTC_24dcf.dir/build
make[1]: Entering directory '/cygdrive/d/College/USC/Fall 2020/CSCI 550 - Advanced Data Stores/Project/power-of-d/cmake-build-debug/CMakeFiles/CMakeTmp'
Building C object CMakeFiles/cmTC_24dcf.dir/CheckFunctionExists.c.o
/usr/bin/cc   -DCHECK_FUNCTION_EXISTS=snappy_compress   -o CMakeFiles/cmTC_24dcf.dir/CheckFunctionExists.c.o   -c /cygdrive/c/Users/sarthak/.CLion2019.2/system/cygwin_cmake/share/cmake-3.14.5/Modules/CheckFunctionExists.c
Linking C executable cmTC_24dcf.exe
/cygdrive/c/Users/sarthak/.CLion2019.2/system/cygwin_cmake/bin/cmake.exe -E cmake_link_script CMakeFiles/cmTC_24dcf.dir/link.txt --verbose=1
/usr/bin/cc  -DCHECK_FUNCTION_EXISTS=snappy_compress  -Wl,--enable-auto-import  CMakeFiles/cmTC_24dcf.dir/CheckFunctionExists.c.o  -o cmTC_24dcf.exe -Wl,--out-implib,libcmTC_24dcf.dll.a -Wl,--major-image-version,0,--minor-image-version,0 -lsnappy 
/usr/lib/gcc/x86_64-pc-cygwin/7.4.0/../../../../x86_64-pc-cygwin/bin/ld: cannot find -lsnappy
collect2: error: ld returned 1 exit status
make[1]: *** [CMakeFiles/cmTC_24dcf.dir/build.make:87: cmTC_24dcf.exe] Error 1
make[1]: Leaving directory '/cygdrive/d/College/USC/Fall 2020/CSCI 550 - Advanced Data Stores/Project/power-of-d/cmake-build-debug/CMakeFiles/CMakeTmp'
make: *** [Makefile:121: cmTC_24dcf/fast] Error 2


Determining if the function malloc exists in the tcmalloc failed with the following output:
Change Dir: /cygdrive/d/College/USC/Fall 2020/CSCI 550 - Advanced Data Stores/Project/power-of-d/cmake-build-debug/CMakeFiles/CMakeTmp

Run Build Command(s):/usr/bin/make.exe cmTC_d9b73/fast 
/usr/bin/make -f CMakeFiles/cmTC_d9b73.dir/build.make CMakeFiles/cmTC_d9b73.dir/build
make[1]: Entering directory '/cygdrive/d/College/USC/Fall 2020/CSCI 550 - Advanced Data Stores/Project/power-of-d/cmake-build-debug/CMakeFiles/CMakeTmp'
Building C object CMakeFiles/cmTC_d9b73.dir/CheckFunctionExists.c.o
/usr/bin/cc   -DCHECK_FUNCTION_EXISTS=malloc   -o CMakeFiles/cmTC_d9b73.dir/CheckFunctionExists.c.o   -c /cygdrive/c/Users/sarthak/.CLion2019.2/system/cygwin_cmake/share/cmake-3.14.5/Modules/CheckFunctionExists.c
<command-line>:0:23: warning: conflicting types for built-in function 'malloc' [-Wbuiltin-declaration-mismatch]
/cygdrive/c/Users/sarthak/.CLion2019.2/system/cygwin_cmake/share/cmake-3.14.5/Modules/CheckFunctionExists.c:7:3: note: in expansion of macro 'CHECK_FUNCTION_EXISTS'
   CHECK_FUNCTION_EXISTS(void);
   ^~~~~~~~~~~~~~~~~~~~~
Linking C executable cmTC_d9b73.exe
/cygdrive/c/Users/sarthak/.CLion2019.2/system/cygwin_cmake/bin/cmake.exe -E cmake_link_script CMakeFiles/cmTC_d9b73.dir/link.txt --verbose=1
/usr/bin/cc  -DCHECK_FUNCTION_EXISTS=malloc  -Wl,--enable-auto-import  CMakeFiles/cmTC_d9b73.dir/CheckFunctionExists.c.o  -o cmTC_d9b73.exe -Wl,--out-implib,libcmTC_d9b73.dll.a -Wl,--major-image-version,0,--minor-image-version,0 -ltcmalloc 
/usr/lib/gcc/x86_64-pc-cygwin/7.4.0/../../../../x86_64-pc-cygwin/bin/ld: cannot find -ltcmalloc
collect2: error: ld returned 1 exit status
make[1]: *** [CMakeFiles/cmTC_d9b73.dir/build.make:87: cmTC_d9b73.exe] Error 1
make[1]: Leaving directory '/cygdrive/d/College/USC/Fall 2020/CSCI 550 - Advanced Data Stores/Project/power-of-d/cmake-build-debug/CMakeFiles/CMakeTmp'
make: *** [Makefile:121: cmTC_d9b73/fast] Error 2


Determining if the F_FULLFSYNC exist failed with the following output:
Change Dir: /cygdrive/d/College/USC/Fall 2020/CSCI 550 - Advanced Data Stores/Project/power-of-d/cmake-build-debug/CMakeFiles/CMakeTmp

Run Build Command(s):/usr/bin/make.exe cmTC_bb8c8/fast 
/usr/bin/make -f CMakeFiles/cmTC_bb8c8.dir/build.make CMakeFiles/cmTC_bb8c8.dir/build
make[1]: Entering directory '/cygdrive/d/College/USC/Fall 2020/CSCI 550 - Advanced Data Stores/Project/power-of-d/cmake-build-debug/CMakeFiles/CMakeTmp'
Building CXX object CMakeFiles/cmTC_bb8c8.dir/CheckSymbolExists.cxx.o
/usr/bin/c++.exe    -g    -o CMakeFiles/cmTC_bb8c8.dir/CheckSymbolExists.cxx.o -c "/cygdrive/d/College/USC/Fall 2020/CSCI 550 - Advanced Data Stores/Project/power-of-d/cmake-build-debug/CMakeFiles/CMakeTmp/CheckSymbolExists.cxx"
/cygdrive/d/College/USC/Fall 2020/CSCI 550 - Advanced Data Stores/Project/power-of-d/cmake-build-debug/CMakeFiles/CMakeTmp/CheckSymbolExists.cxx: In function 'int main(int, char**)':
/cygdrive/d/College/USC/Fall 2020/CSCI 550 - Advanced Data Stores/Project/power-of-d/cmake-build-debug/CMakeFiles/CMakeTmp/CheckSymbolExists.cxx:8:19: error: 'F_FULLFSYNC' was not declared in this scope
   return ((int*)(&F_FULLFSYNC))[argc];
                   ^~~~~~~~~~~
/cygdrive/d/College/USC/Fall 2020/CSCI 550 - Advanced Data Stores/Project/power-of-d/cmake-build-debug/CMakeFiles/CMakeTmp/CheckSymbolExists.cxx:8:19: note: suggested alternative: '_FASYNC'
   return ((int*)(&F_FULLFSYNC))[argc];
                   ^~~~~~~~~~~
                   _FASYNC
make[1]: *** [CMakeFiles/cmTC_bb8c8.dir/build.make:66: CMakeFiles/cmTC_bb8c8.dir/CheckSymbolExists.cxx.o] Error 1
make[1]: Leaving directory '/cygdrive/d/College/USC/Fall 2020/CSCI 550 - Advanced Data Stores/Project/power-of-d/cmake-build-debug/CMakeFiles/CMakeTmp'
make: *** [Makefile:121: cmTC_bb8c8/fast] Error 2

File /cygdrive/d/College/USC/Fall 2020/CSCI 550 - Advanced Data Stores/Project/power-of-d/cmake-build-debug/CMakeFiles/CMakeTmp/CheckSymbolExists.cxx:
/* */
#include <fcntl.h>

int main(int argc, char** argv)
{
  (void)argv;
#ifndef F_FULLFSYNC
  return ((int*)(&F_FULLFSYNC))[argc];
#else
  (void)argc;
  return 0;
#endif
}

Performing C++ SOURCE FILE Test HAVE_CLANG_THREAD_SAFETY failed with the following output:
Change Dir: /cygdrive/d/College/USC/Fall 2020/CSCI 550 - Advanced Data Stores/Project/power-of-d/cmake-build-debug/CMakeFiles/CMakeTmp

Run Build Command(s):/usr/bin/make.exe cmTC_b90ec/fast 
/usr/bin/make -f CMakeFiles/cmTC_b90ec.dir/build.make CMakeFiles/cmTC_b90ec.dir/build
make[1]: Entering directory '/cygdrive/d/College/USC/Fall 2020/CSCI 550 - Advanced Data Stores/Project/power-of-d/cmake-build-debug/CMakeFiles/CMakeTmp'
Building CXX object CMakeFiles/cmTC_b90ec.dir/src.cxx.o
/usr/bin/c++.exe    -g -DHAVE_CLANG_THREAD_SAFETY   -Wthread-safety -o CMakeFiles/cmTC_b90ec.dir/src.cxx.o -c "/cygdrive/d/College/USC/Fall 2020/CSCI 550 - Advanced Data Stores/Project/power-of-d/cmake-build-debug/CMakeFiles/CMakeTmp/src.cxx"
c++: error: unrecognized command line option '-Wthread-safety'; did you mean '-fthread-jumps'?
make[1]: *** [CMakeFiles/cmTC_b90ec.dir/build.make:66: CMakeFiles/cmTC_b90ec.dir/src.cxx.o] Error 1
make[1]: Leaving directory '/cygdrive/d/College/USC/Fall 2020/CSCI 550 - Advanced Data Stores/Project/power-of-d/cmake-build-debug/CMakeFiles/CMakeTmp'
make: *** [Makefile:121: cmTC_b90ec/fast] Error 2

Source file was:
int main() { return 0; }
